<?xml version="1.0" encoding="UTF-8"?>
<!-- Generated by org.testng.reporters.JUnitXMLReporter -->
<testsuite hostname="dell-pc-nilushi" ignored="0" name="Default test" tests="3" failures="0" timestamp="29 Nov 2018 11:55:51 GMT" time="0.043" errors="0">
  <testcase name="secondMethod" time="0.007" classname="com.example.testNG.TestNGSample1"/>
  <testcase name="thirdMethod" time="0.002" classname="com.example.testNG.TestNGSample1"/>
  <testcase name="firstMethod" time="0.001" classname="com.example.testNG.TestNGSample1"/>
</testsuite> <!-- Default test -->
