<?xml version="1.0" encoding="UTF-8"?>
<testng-results skipped="0" failed="0" ignored="0" total="3" passed="3">
  <reporter-output>
  </reporter-output>
  <suite name="Default suite" duration-ms="43" started-at="2018-11-29T11:55:51Z" finished-at="2018-11-29T11:55:51Z">
    <groups>
    </groups>
    <test name="Default test" duration-ms="43" started-at="2018-11-29T11:55:51Z" finished-at="2018-11-29T11:55:51Z">
      <class name="com.example.testNG.TestNGSample1">
        <test-method status="PASS" signature="beforeSuite()[pri:0, instance:com.example.testNG.TestNGSample1@6d00a15d]" name="beforeSuite" is-config="true" duration-ms="12" started-at="2018-11-29T11:55:51Z" finished-at="2018-11-29T11:55:51Z">
          <reporter-output>
          </reporter-output>
        </test-method> <!-- beforeSuite -->
        <test-method status="PASS" signature="beforeTest()[pri:0, instance:com.example.testNG.TestNGSample1@6d00a15d]" name="beforeTest" is-config="true" duration-ms="0" started-at="2018-11-29T11:55:51Z" finished-at="2018-11-29T11:55:51Z">
          <reporter-output>
          </reporter-output>
        </test-method> <!-- beforeTest -->
        <test-method status="PASS" signature="beforeClass()[pri:0, instance:com.example.testNG.TestNGSample1@6d00a15d]" name="beforeClass" is-config="true" duration-ms="1" started-at="2018-11-29T11:55:51Z" finished-at="2018-11-29T11:55:51Z">
          <reporter-output>
          </reporter-output>
        </test-method> <!-- beforeClass -->
        <test-method status="PASS" signature="beforeMethod()[pri:0, instance:com.example.testNG.TestNGSample1@6d00a15d]" name="beforeMethod" is-config="true" duration-ms="0" started-at="2018-11-29T11:55:51Z" finished-at="2018-11-29T11:55:51Z">
          <reporter-output>
          </reporter-output>
        </test-method> <!-- beforeMethod -->
        <test-method status="PASS" signature="secondMethod()[pri:1, instance:com.example.testNG.TestNGSample1@6d00a15d]" name="secondMethod" duration-ms="7" started-at="2018-11-29T11:55:51Z" finished-at="2018-11-29T11:55:51Z">
          <reporter-output>
          </reporter-output>
        </test-method> <!-- secondMethod -->
        <test-method status="PASS" signature="afterMethod()[pri:0, instance:com.example.testNG.TestNGSample1@6d00a15d]" name="afterMethod" is-config="true" duration-ms="1" started-at="2018-11-29T11:55:51Z" finished-at="2018-11-29T11:55:51Z">
          <reporter-output>
          </reporter-output>
        </test-method> <!-- afterMethod -->
        <test-method status="PASS" signature="beforeMethod()[pri:0, instance:com.example.testNG.TestNGSample1@6d00a15d]" name="beforeMethod" is-config="true" duration-ms="1" started-at="2018-11-29T11:55:51Z" finished-at="2018-11-29T11:55:51Z">
          <reporter-output>
          </reporter-output>
        </test-method> <!-- beforeMethod -->
        <test-method status="PASS" signature="thirdMethod()[pri:2, instance:com.example.testNG.TestNGSample1@6d00a15d]" name="thirdMethod" duration-ms="2" started-at="2018-11-29T11:55:51Z" finished-at="2018-11-29T11:55:51Z">
          <reporter-output>
          </reporter-output>
        </test-method> <!-- thirdMethod -->
        <test-method status="PASS" signature="afterMethod()[pri:0, instance:com.example.testNG.TestNGSample1@6d00a15d]" name="afterMethod" is-config="true" duration-ms="1" started-at="2018-11-29T11:55:51Z" finished-at="2018-11-29T11:55:51Z">
          <reporter-output>
          </reporter-output>
        </test-method> <!-- afterMethod -->
        <test-method status="PASS" signature="firstMethod()[pri:3, instance:com.example.testNG.TestNGSample1@6d00a15d]" name="firstMethod" duration-ms="1" started-at="2018-11-29T11:55:51Z" finished-at="2018-11-29T11:55:51Z">
          <reporter-output>
          </reporter-output>
        </test-method> <!-- firstMethod -->
        <test-method status="PASS" signature="beforeMethod()[pri:0, instance:com.example.testNG.TestNGSample1@6d00a15d]" name="beforeMethod" is-config="true" duration-ms="0" started-at="2018-11-29T11:55:51Z" finished-at="2018-11-29T11:55:51Z">
          <reporter-output>
          </reporter-output>
        </test-method> <!-- beforeMethod -->
        <test-method status="PASS" signature="afterMethod()[pri:0, instance:com.example.testNG.TestNGSample1@6d00a15d]" name="afterMethod" is-config="true" duration-ms="0" started-at="2018-11-29T11:55:51Z" finished-at="2018-11-29T11:55:51Z">
          <reporter-output>
          </reporter-output>
        </test-method> <!-- afterMethod -->
        <test-method status="PASS" signature="afterClass()[pri:0, instance:com.example.testNG.TestNGSample1@6d00a15d]" name="afterClass" is-config="true" duration-ms="1" started-at="2018-11-29T11:55:51Z" finished-at="2018-11-29T11:55:51Z">
          <reporter-output>
          </reporter-output>
        </test-method> <!-- afterClass -->
        <test-method status="PASS" signature="afterTest()[pri:0, instance:com.example.testNG.TestNGSample1@6d00a15d]" name="afterTest" is-config="true" duration-ms="0" started-at="2018-11-29T11:55:51Z" finished-at="2018-11-29T11:55:51Z">
          <reporter-output>
          </reporter-output>
        </test-method> <!-- afterTest -->
        <test-method status="PASS" signature="afterSuite()[pri:0, instance:com.example.testNG.TestNGSample1@6d00a15d]" name="afterSuite" is-config="true" duration-ms="0" started-at="2018-11-29T11:55:51Z" finished-at="2018-11-29T11:55:51Z">
          <reporter-output>
          </reporter-output>
        </test-method> <!-- afterSuite -->
      </class> <!-- com.example.testNG.TestNGSample1 -->
    </test> <!-- Default test -->
  </suite> <!-- Default suite -->
</testng-results>
